c:\users\marius\documents\programming\github repositories\misc-projects\c++\2dshooter\release\2dshooter.ipdb
c:\users\marius\documents\programming\github repositories\misc-projects\c++\2dshooter\release\2dshooter.iobj
c:\users\marius\documents\programming\github repositories\misc-projects\c++\2dshooter\2dshooter\release\vc141.pdb
c:\users\marius\documents\programming\github repositories\misc-projects\c++\2dshooter\2dshooter\release\collision.sbr
c:\users\marius\documents\programming\github repositories\misc-projects\c++\2dshooter\2dshooter\release\enemy.sbr
c:\users\marius\documents\programming\github repositories\misc-projects\c++\2dshooter\2dshooter\release\enemymanager.sbr
c:\users\marius\documents\programming\github repositories\misc-projects\c++\2dshooter\2dshooter\release\graphics.sbr
c:\users\marius\documents\programming\github repositories\misc-projects\c++\2dshooter\2dshooter\release\map.sbr
c:\users\marius\documents\programming\github repositories\misc-projects\c++\2dshooter\2dshooter\release\projectile.sbr
c:\users\marius\documents\programming\github repositories\misc-projects\c++\2dshooter\2dshooter\release\camera2d.sbr
c:\users\marius\documents\programming\github repositories\misc-projects\c++\2dshooter\2dshooter\release\input.sbr
c:\users\marius\documents\programming\github repositories\misc-projects\c++\2dshooter\2dshooter\release\fpsmanager.sbr
c:\users\marius\documents\programming\github repositories\misc-projects\c++\2dshooter\2dshooter\release\rand.sbr
c:\users\marius\documents\programming\github repositories\misc-projects\c++\2dshooter\2dshooter\release\room.sbr
c:\users\marius\documents\programming\github repositories\misc-projects\c++\2dshooter\2dshooter\release\textures.sbr
c:\users\marius\documents\programming\github repositories\misc-projects\c++\2dshooter\2dshooter\release\tile.sbr
c:\users\marius\documents\programming\github repositories\misc-projects\c++\2dshooter\2dshooter\release\main.sbr
c:\users\marius\documents\programming\github repositories\misc-projects\c++\2dshooter\2dshooter\release\physics.sbr
c:\users\marius\documents\programming\github repositories\misc-projects\c++\2dshooter\2dshooter\release\player.sbr
c:\users\marius\documents\programming\github repositories\misc-projects\c++\2dshooter\2dshooter\release\vector2.sbr
c:\users\marius\documents\programming\github repositories\misc-projects\c++\2dshooter\2dshooter\release\vector2.obj
c:\users\marius\documents\programming\github repositories\misc-projects\c++\2dshooter\2dshooter\release\player.obj
c:\users\marius\documents\programming\github repositories\misc-projects\c++\2dshooter\2dshooter\release\physics.obj
c:\users\marius\documents\programming\github repositories\misc-projects\c++\2dshooter\2dshooter\release\main.obj
c:\users\marius\documents\programming\github repositories\misc-projects\c++\2dshooter\2dshooter\release\tile.obj
c:\users\marius\documents\programming\github repositories\misc-projects\c++\2dshooter\2dshooter\release\textures.obj
c:\users\marius\documents\programming\github repositories\misc-projects\c++\2dshooter\2dshooter\release\room.obj
c:\users\marius\documents\programming\github repositories\misc-projects\c++\2dshooter\2dshooter\release\rand.obj
c:\users\marius\documents\programming\github repositories\misc-projects\c++\2dshooter\2dshooter\release\fpsmanager.obj
c:\users\marius\documents\programming\github repositories\misc-projects\c++\2dshooter\2dshooter\release\input.obj
c:\users\marius\documents\programming\github repositories\misc-projects\c++\2dshooter\2dshooter\release\camera2d.obj
c:\users\marius\documents\programming\github repositories\misc-projects\c++\2dshooter\2dshooter\release\projectile.obj
c:\users\marius\documents\programming\github repositories\misc-projects\c++\2dshooter\2dshooter\release\map.obj
c:\users\marius\documents\programming\github repositories\misc-projects\c++\2dshooter\2dshooter\release\graphics.obj
c:\users\marius\documents\programming\github repositories\misc-projects\c++\2dshooter\2dshooter\release\enemymanager.obj
c:\users\marius\documents\programming\github repositories\misc-projects\c++\2dshooter\2dshooter\release\enemy.obj
c:\users\marius\documents\programming\github repositories\misc-projects\c++\2dshooter\2dshooter\release\collision.obj
c:\users\marius\documents\programming\github repositories\misc-projects\c++\2dshooter\release\2dshooter.exe
c:\users\marius\documents\programming\github repositories\misc-projects\c++\2dshooter\release\2dshooter.pdb
c:\users\marius\documents\programming\github repositories\misc-projects\c++\2dshooter\release\2dshooter.bsc
c:\users\marius\documents\programming\github repositories\misc-projects\c++\2dshooter\2dshooter\release\2dshooter.tlog\2dshooter.write.1u.tlog
c:\users\marius\documents\programming\github repositories\misc-projects\c++\2dshooter\2dshooter\release\2dshooter.tlog\bscmake.command.1.tlog
c:\users\marius\documents\programming\github repositories\misc-projects\c++\2dshooter\2dshooter\release\2dshooter.tlog\bscmake.read.1.tlog
c:\users\marius\documents\programming\github repositories\misc-projects\c++\2dshooter\2dshooter\release\2dshooter.tlog\cl.command.1.tlog
c:\users\marius\documents\programming\github repositories\misc-projects\c++\2dshooter\2dshooter\release\2dshooter.tlog\cl.read.1.tlog
c:\users\marius\documents\programming\github repositories\misc-projects\c++\2dshooter\2dshooter\release\2dshooter.tlog\cl.write.1.tlog
c:\users\marius\documents\programming\github repositories\misc-projects\c++\2dshooter\2dshooter\release\2dshooter.tlog\link.command.1.tlog
c:\users\marius\documents\programming\github repositories\misc-projects\c++\2dshooter\2dshooter\release\2dshooter.tlog\link.read.1.tlog
c:\users\marius\documents\programming\github repositories\misc-projects\c++\2dshooter\2dshooter\release\2dshooter.tlog\link.write.1.tlog
