c:\users\marius\documents\visual studio 2015\projects\2dshooter\2dshooter\debug\vc140.pdb
c:\users\marius\documents\visual studio 2015\projects\2dshooter\2dshooter\debug\vc140.idb
c:\users\marius\documents\visual studio 2015\projects\2dshooter\2dshooter\debug\main.obj
c:\users\marius\documents\visual studio 2015\projects\2dshooter\2dshooter\debug\player.obj
c:\users\marius\documents\visual studio 2015\projects\2dshooter\2dshooter\debug\vector2.obj
c:\users\marius\documents\visual studio 2015\projects\2dshooter\2dshooter\debug\bullet.obj
c:\users\marius\documents\visual studio 2015\projects\2dshooter\2dshooter\debug\fpslimiter.obj
c:\users\marius\documents\visual studio 2015\projects\2dshooter\2dshooter\debug\controls.obj
c:\users\marius\documents\visual studio 2015\projects\2dshooter\2dshooter\debug\camera2d.obj
c:\users\marius\documents\visual studio 2015\projects\2dshooter\2dshooter\debug\physics.obj
c:\users\marius\documents\visual studio 2015\projects\2dshooter\2dshooter\debug\2ds_projectile.obj
c:\users\marius\documents\visual studio 2015\projects\2dshooter\2dshooter\debug\2ds_camera2d.obj
c:\users\marius\documents\visual studio 2015\projects\2dshooter\2dshooter\debug\2ds_input.obj
c:\users\marius\documents\visual studio 2015\projects\2dshooter\2dshooter\debug\2ds_fpsmanager.obj
c:\users\marius\documents\visual studio 2015\projects\2dshooter\2dshooter\debug\2ds_vector2.obj
c:\users\marius\documents\visual studio 2015\projects\2dshooter\2dshooter\debug\2ds_physics.obj
c:\users\marius\documents\visual studio 2015\projects\2dshooter\2dshooter\debug\2ds_player.obj
c:\users\marius\documents\visual studio 2015\projects\2dshooter\2dshooter\debug\2ds_graphics.obj
c:\users\marius\documents\visual studio 2015\projects\2dshooter\2dshooter\debug\2ds_rand.obj
c:\users\marius\documents\visual studio 2015\projects\2dshooter\2dshooter\debug\2ds_textures.obj
c:\users\marius\documents\visual studio 2015\projects\2dshooter\2dshooter\debug\2ds_map.obj
c:\users\marius\documents\visual studio 2015\projects\2dshooter\2dshooter\debug\2ds_tile.obj
c:\users\marius\documents\visual studio 2015\projects\2dshooter\2dshooter\debug\2ds_collision.obj
c:\users\marius\documents\visual studio 2015\projects\2dshooter\2dshooter\debug\2ds_tilemanager.obj
c:\users\marius\documents\visual studio 2015\projects\2dshooter\2dshooter\debug\2ds_room.obj
c:\users\marius\documents\visual studio 2015\projects\2dshooter\debug\2dshooter.ilk
c:\users\marius\documents\visual studio 2015\projects\2dshooter\debug\2dshooter.exe
c:\users\marius\documents\visual studio 2015\projects\2dshooter\debug\2dshooter.pdb
c:\users\marius\documents\visual studio 2015\projects\2dshooter\2dshooter\debug\2ds_graphics.obj.enc
c:\users\marius\documents\visual studio 2015\projects\2dshooter\2dshooter\debug\main.obj.enc
c:\users\marius\documents\visual studio 2015\projects\2dshooter\2dshooter\debug\2dshooter.tlog\cl.command.1.tlog
c:\users\marius\documents\visual studio 2015\projects\2dshooter\2dshooter\debug\2dshooter.tlog\cl.read.1.tlog
c:\users\marius\documents\visual studio 2015\projects\2dshooter\2dshooter\debug\2dshooter.tlog\cl.write.1.tlog
c:\users\marius\documents\visual studio 2015\projects\2dshooter\2dshooter\debug\2dshooter.tlog\link.command.1.tlog
c:\users\marius\documents\visual studio 2015\projects\2dshooter\2dshooter\debug\2dshooter.tlog\link.read.1.tlog
c:\users\marius\documents\visual studio 2015\projects\2dshooter\2dshooter\debug\2dshooter.tlog\link.write.1.tlog
